19:07:57: Creating resource group General
19:07:57: Creating resource group Internal
19:07:57: Creating resource group Autodetect
19:07:57: Registering ResourceManager for type Mesh
19:07:57: Registering ResourceManager for type Material
19:07:57: Registering ResourceManager for type Skeleton
19:07:57: XMLMeshSerializer reading mesh data from C:\Users\Mike\Documents\Rigs of Rods 0.4\vehicles\2014-F250-SuperDuty\14ford_cablights.mesh.xml...
19:07:58: Reading geometry...
19:07:58: Geometry done...
19:07:58: Reading submeshes...
19:07:58: Submeshes done.
19:07:58: Parsing LOD information...
19:07:58: LOD information done.
19:07:58: Reading mesh names...
19:07:58: Mesh names done.
19:07:58: XMLMeshSerializer import successful.
19:07:58: Reorganising vertex buffers to automatic layout..
19:07:58: MeshSerializer writing mesh data to C:\Users\Mike\Documents\Rigs of Rods 0.4\vehicles\2014-F250-SuperDuty\14ford_cablights.mesh...
19:07:58: File header written.
19:07:58: Writing mesh data...
19:07:58: Writing submesh...
19:07:58: Exporting submesh texture aliases...
19:07:58: Submesh texture aliases exported.
19:07:58: Submesh exported.
19:07:58: Exporting LOD information....
19:07:58: LOD information exported.
19:07:58: Exporting bounds information....
19:07:58: Bounds information exported.
19:07:58: Exporting submesh name table...
19:07:58: Submesh name table exported.
19:07:58: Exporting edge lists...
19:07:58: Edge lists exported
19:07:58: Mesh data exported.
19:07:58: MeshSerializer export successful.
19:07:58: Unregistering ResourceManager for type Skeleton
19:07:58: Unregistering ResourceManager for type Material
19:07:58: Unregistering ResourceManager for type Mesh
